{"C:\\Users\\ryoni\\OneDrive\\Documents\\projec website\\cd todo-app\\src\\services\\activityService.ts": {"path":"C:\\Users\\ryoni\\OneDrive\\Documents\\projec website\\cd todo-app\\src\\services\\activityService.ts","statementMap":{"0":{"start":{"line":8,"column":2},"end":{"line":8,"column":null}},"1":{"start":{"line":17,"column":2},"end":{"line":17,"column":null}},"2":{"start":{"line":17,"column":20},"end":{"line":17,"column":null}},"3":{"start":{"line":19,"column":2},"end":{"line":24,"column":null}}},"fnMap":{"0":{"name":"fetchActivityLogs","decl":{"start":{"line":5,"column":22},"end":{"line":5,"column":null}},"loc":{"start":{"line":7,"column":34},"end":{"line":8,"column":null}},"line":7},"1":{"name":"createActivityLog","decl":{"start":{"line":11,"column":22},"end":{"line":11,"column":null}},"loc":{"start":{"line":15,"column":17},"end":{"line":24,"column":null}},"line":15}},"branchMap":{"0":{"loc":{"start":{"line":17,"column":2},"end":{"line":17,"column":null}},"type":"if","locations":[{"start":{"line":17,"column":2},"end":{"line":17,"column":null}},{"start":{},"end":{}}],"line":17},"1":{"loc":{"start":{"line":21,"column":16},"end":{"line":21,"column":null}},"type":"binary-expr","locations":[{"start":{"line":21,"column":16},"end":{"line":21,"column":37}},{"start":{"line":21,"column":37},"end":{"line":21,"column":null}}],"line":21}},"s":{"0":1,"1":3,"2":1,"3":2},"f":{"0":1,"1":3},"b":{"0":[1,2],"1":[2,1]},"meta":{"lastBranch":2,"lastFunction":2,"lastStatement":4,"seen":{"f:5:22:5:Infinity":0,"s:8:2:8:Infinity":0,"f:11:22:11:Infinity":1,"b:17:2:17:Infinity:undefined:undefined:undefined:undefined":0,"s:17:2:17:Infinity":1,"s:17:20:17:Infinity":2,"s:19:2:24:Infinity":3,"b:21:16:21:37:21:37:21:Infinity":1}}}
,"C:\\Users\\ryoni\\OneDrive\\Documents\\projec website\\cd todo-app\\src\\services\\boardService.ts": {"path":"C:\\Users\\ryoni\\OneDrive\\Documents\\projec website\\cd todo-app\\src\\services\\boardService.ts","statementMap":{"0":{"start":{"line":8,"column":15},"end":{"line":8,"column":46}},"1":{"start":{"line":10,"column":2},"end":{"line":15,"column":null}},"2":{"start":{"line":12,"column":6},"end":{"line":13,"column":43}},"3":{"start":{"line":15,"column":14},"end":{"line":15,"column":19}},"4":{"start":{"line":23,"column":15},"end":{"line":23,"column":54}},"5":{"start":{"line":25,"column":2},"end":{"line":25,"column":null}},"6":{"start":{"line":25,"column":13},"end":{"line":25,"column":null}},"7":{"start":{"line":27,"column":18},"end":{"line":27,"column":null}},"8":{"start":{"line":28,"column":19},"end":{"line":28,"column":null}},"9":{"start":{"line":30,"column":2},"end":{"line":30,"column":null}},"10":{"start":{"line":39,"column":17},"end":{"line":43,"column":4}},"11":{"start":{"line":45,"column":2},"end":{"line":45,"column":null}},"12":{"start":{"line":55,"column":15},"end":{"line":55,"column":54}},"13":{"start":{"line":57,"column":2},"end":{"line":57,"column":null}},"14":{"start":{"line":57,"column":13},"end":{"line":57,"column":null}},"15":{"start":{"line":58,"column":2},"end":{"line":58,"column":null}},"16":{"start":{"line":58,"column":39},"end":{"line":58,"column":null}},"17":{"start":{"line":60,"column":18},"end":{"line":60,"column":36}},"18":{"start":{"line":61,"column":2},"end":{"line":61,"column":null}},"19":{"start":{"line":61,"column":31},"end":{"line":61,"column":null}},"20":{"start":{"line":63,"column":18},"end":{"line":65,"column":4}},"21":{"start":{"line":67,"column":2},"end":{"line":67,"column":null}}},"fnMap":{"0":{"name":"fetchUserBoards","decl":{"start":{"line":4,"column":22},"end":{"line":4,"column":null}},"loc":{"start":{"line":6,"column":21},"end":{"line":15,"column":null}},"line":6},"1":{"name":"(anonymous_1)","decl":{"start":{"line":11,"column":5},"end":{"line":11,"column":12}},"loc":{"start":{"line":12,"column":6},"end":{"line":13,"column":43}},"line":12},"2":{"name":"(anonymous_2)","decl":{"start":{"line":15,"column":5},"end":{"line":15,"column":9}},"loc":{"start":{"line":15,"column":14},"end":{"line":15,"column":19}},"line":15},"3":{"name":"checkBoardAccess","decl":{"start":{"line":18,"column":22},"end":{"line":18,"column":null}},"loc":{"start":{"line":21,"column":20},"end":{"line":30,"column":null}},"line":21},"4":{"name":"createBoard","decl":{"start":{"line":34,"column":22},"end":{"line":34,"column":null}},"loc":{"start":{"line":37,"column":26},"end":{"line":45,"column":null}},"line":37},"5":{"name":"inviteMember","decl":{"start":{"line":49,"column":22},"end":{"line":49,"column":null}},"loc":{"start":{"line":53,"column":66},"end":{"line":67,"column":null}},"line":53}},"branchMap":{"0":{"loc":{"start":{"line":12,"column":6},"end":{"line":13,"column":43}},"type":"binary-expr","locations":[{"start":{"line":12,"column":6},"end":{"line":12,"column":null}},{"start":{"line":13,"column":6},"end":{"line":13,"column":43}}],"line":12},"1":{"loc":{"start":{"line":13,"column":26},"end":{"line":13,"column":43}},"type":"binary-expr","locations":[{"start":{"line":13,"column":26},"end":{"line":13,"column":40}},{"start":{"line":13,"column":40},"end":{"line":13,"column":43}}],"line":13},"2":{"loc":{"start":{"line":25,"column":2},"end":{"line":25,"column":null}},"type":"if","locations":[{"start":{"line":25,"column":2},"end":{"line":25,"column":null}},{"start":{},"end":{}}],"line":25},"3":{"loc":{"start":{"line":28,"column":19},"end":{"line":28,"column":null}},"type":"binary-expr","locations":[{"start":{"line":28,"column":19},"end":{"line":28,"column":59}},{"start":{"line":28,"column":63},"end":{"line":28,"column":null}}],"line":28},"4":{"loc":{"start":{"line":28,"column":42},"end":{"line":28,"column":59}},"type":"binary-expr","locations":[{"start":{"line":28,"column":42},"end":{"line":28,"column":56}},{"start":{"line":28,"column":56},"end":{"line":28,"column":59}}],"line":28},"5":{"loc":{"start":{"line":30,"column":9},"end":{"line":30,"column":null}},"type":"binary-expr","locations":[{"start":{"line":30,"column":9},"end":{"line":30,"column":20}},{"start":{"line":30,"column":20},"end":{"line":30,"column":null}}],"line":30},"6":{"loc":{"start":{"line":41,"column":17},"end":{"line":41,"column":null}},"type":"binary-expr","locations":[{"start":{"line":41,"column":17},"end":{"line":41,"column":31}},{"start":{"line":41,"column":31},"end":{"line":41,"column":null}}],"line":41},"7":{"loc":{"start":{"line":45,"column":9},"end":{"line":45,"column":null}},"type":"cond-expr","locations":[{"start":{"line":45,"column":18},"end":{"line":45,"column":30}},{"start":{"line":45,"column":30},"end":{"line":45,"column":null}}],"line":45},"8":{"loc":{"start":{"line":57,"column":2},"end":{"line":57,"column":null}},"type":"if","locations":[{"start":{"line":57,"column":2},"end":{"line":57,"column":null}},{"start":{},"end":{}}],"line":57},"9":{"loc":{"start":{"line":58,"column":2},"end":{"line":58,"column":null}},"type":"if","locations":[{"start":{"line":58,"column":2},"end":{"line":58,"column":null}},{"start":{},"end":{}}],"line":58},"10":{"loc":{"start":{"line":60,"column":18},"end":{"line":60,"column":36}},"type":"binary-expr","locations":[{"start":{"line":60,"column":18},"end":{"line":60,"column":34}},{"start":{"line":60,"column":34},"end":{"line":60,"column":36}}],"line":60},"11":{"loc":{"start":{"line":61,"column":2},"end":{"line":61,"column":null}},"type":"if","locations":[{"start":{"line":61,"column":2},"end":{"line":61,"column":null}},{"start":{},"end":{}}],"line":61},"12":{"loc":{"start":{"line":67,"column":9},"end":{"line":67,"column":null}},"type":"cond-expr","locations":[{"start":{"line":67,"column":19},"end":{"line":67,"column":31}},{"start":{"line":67,"column":31},"end":{"line":67,"column":null}}],"line":67}},"s":{"0":1,"1":1,"2":3,"3":2,"4":4,"5":4,"6":1,"7":3,"8":3,"9":4,"10":2,"11":2,"12":4,"13":4,"14":0,"15":4,"16":1,"17":3,"18":4,"19":1,"20":2,"21":2},"f":{"0":1,"1":3,"2":2,"3":4,"4":2,"5":4},"b":{"0":[3,2],"1":[2,0],"2":[1,3],"3":[3,0],"4":[4,0],"5":[4,2],"6":[2,0],"7":[1,1],"8":[0,4],"9":[1,3],"10":[3,0],"11":[1,3],"12":[1,1]},"meta":{"lastBranch":13,"lastFunction":6,"lastStatement":22,"seen":{"f:4:22:4:Infinity":0,"s:8:15:8:46":0,"s:10:2:15:Infinity":1,"f:11:5:11:12":1,"s:12:6:13:43":2,"b:12:6:12:Infinity:13:6:13:43":0,"b:13:26:13:40:13:40:13:43":1,"f:15:5:15:9":2,"s:15:14:15:19":3,"f:18:22:18:Infinity":3,"s:23:15:23:54":4,"b:25:2:25:Infinity:undefined:undefined:undefined:undefined":2,"s:25:2:25:Infinity":5,"s:25:13:25:Infinity":6,"s:27:18:27:Infinity":7,"s:28:19:28:Infinity":8,"b:28:19:28:59:28:63:28:Infinity":3,"b:28:42:28:56:28:56:28:59":4,"s:30:2:30:Infinity":9,"b:30:9:30:20:30:20:30:Infinity":5,"f:34:22:34:Infinity":4,"s:39:17:43:4":10,"b:41:17:41:31:41:31:41:Infinity":6,"s:45:2:45:Infinity":11,"b:45:18:45:30:45:30:45:Infinity":7,"f:49:22:49:Infinity":5,"s:55:15:55:54":12,"b:57:2:57:Infinity:undefined:undefined:undefined:undefined":8,"s:57:2:57:Infinity":13,"s:57:13:57:Infinity":14,"b:58:2:58:Infinity:undefined:undefined:undefined:undefined":9,"s:58:2:58:Infinity":15,"s:58:39:58:Infinity":16,"s:60:18:60:36":17,"b:60:18:60:34:60:34:60:36":10,"b:61:2:61:Infinity:undefined:undefined:undefined:undefined":11,"s:61:2:61:Infinity":18,"s:61:31:61:Infinity":19,"s:63:18:65:4":20,"s:67:2:67:Infinity":21,"b:67:19:67:31:67:31:67:Infinity":12}}}
,"C:\\Users\\ryoni\\OneDrive\\Documents\\projec website\\cd todo-app\\src\\services\\kanbanService.ts": {"path":"C:\\Users\\ryoni\\OneDrive\\Documents\\projec website\\cd todo-app\\src\\services\\kanbanService.ts","statementMap":{"0":{"start":{"line":30,"column":2},"end":{"line":30,"column":null}},"1":{"start":{"line":30,"column":21},"end":{"line":30,"column":null}},"2":{"start":{"line":32,"column":30},"end":{"line":39,"column":null}},"3":{"start":{"line":41,"column":2},"end":{"line":44,"column":null}},"4":{"start":{"line":41,"column":22},"end":{"line":44,"column":5}},"5":{"start":{"line":46,"column":2},"end":{"line":46,"column":null}},"6":{"start":{"line":47,"column":2},"end":{"line":47,"column":null}},"7":{"start":{"line":55,"column":2},"end":{"line":60,"column":null}},"8":{"start":{"line":55,"column":22},"end":{"line":60,"column":5}},"9":{"start":{"line":58,"column":6},"end":{"line":58,"column":null}},"10":{"start":{"line":71,"column":19},"end":{"line":71,"column":null}},"11":{"start":{"line":71,"column":44},"end":{"line":71,"column":56}},"12":{"start":{"line":73,"column":2},"end":{"line":76,"column":null}},"13":{"start":{"line":73,"column":22},"end":{"line":76,"column":5}},"14":{"start":{"line":75,"column":40},"end":{"line":75,"column":null}},"15":{"start":{"line":78,"column":2},"end":{"line":78,"column":null}},"16":{"start":{"line":89,"column":2},"end":{"line":94,"column":null}},"17":{"start":{"line":89,"column":22},"end":{"line":94,"column":5}},"18":{"start":{"line":92,"column":6},"end":{"line":92,"column":null}},"19":{"start":{"line":96,"column":2},"end":{"line":96,"column":null}},"20":{"start":{"line":104,"column":15},"end":{"line":104,"column":36}},"21":{"start":{"line":105,"column":2},"end":{"line":105,"column":null}},"22":{"start":{"line":105,"column":13},"end":{"line":105,"column":null}},"23":{"start":{"line":107,"column":13},"end":{"line":107,"column":52}},"24":{"start":{"line":109,"column":2},"end":{"line":109,"column":null}},"25":{"start":{"line":109,"column":22},"end":{"line":109,"column":45}},"26":{"start":{"line":110,"column":2},"end":{"line":110,"column":null}},"27":{"start":{"line":120,"column":15},"end":{"line":120,"column":29}},"28":{"start":{"line":121,"column":2},"end":{"line":121,"column":null}},"29":{"start":{"line":122,"column":2},"end":{"line":122,"column":null}},"30":{"start":{"line":123,"column":2},"end":{"line":123,"column":null}},"31":{"start":{"line":134,"column":2},"end":{"line":134,"column":null}},"32":{"start":{"line":134,"column":22},"end":{"line":134,"column":null}},"33":{"start":{"line":136,"column":15},"end":{"line":136,"column":29}},"34":{"start":{"line":137,"column":2},"end":{"line":137,"column":null}},"35":{"start":{"line":138,"column":2},"end":{"line":138,"column":null}},"36":{"start":{"line":140,"column":2},"end":{"line":140,"column":null}},"37":{"start":{"line":141,"column":2},"end":{"line":141,"column":null}},"38":{"start":{"line":152,"column":17},"end":{"line":159,"column":null}},"39":{"start":{"line":161,"column":32},"end":{"line":169,"column":5}},"40":{"start":{"line":161,"column":61},"end":{"line":169,"column":5}},"41":{"start":{"line":171,"column":2},"end":{"line":174,"column":null}},"42":{"start":{"line":171,"column":22},"end":{"line":174,"column":5}},"43":{"start":{"line":176,"column":2},"end":{"line":176,"column":null}}},"fnMap":{"0":{"name":"addTodo","decl":{"start":{"line":19,"column":16},"end":{"line":19,"column":24}},"loc":{"start":{"line":28,"column":24},"end":{"line":47,"column":null}},"line":28},"1":{"name":"(anonymous_1)","decl":{"start":{"line":41,"column":2},"end":{"line":41,"column":13}},"loc":{"start":{"line":41,"column":22},"end":{"line":44,"column":5}},"line":41},"2":{"name":"toggleTodo","decl":{"start":{"line":50,"column":16},"end":{"line":50,"column":null}},"loc":{"start":{"line":54,"column":8},"end":{"line":60,"column":null}},"line":54},"3":{"name":"(anonymous_3)","decl":{"start":{"line":55,"column":2},"end":{"line":55,"column":13}},"loc":{"start":{"line":55,"column":22},"end":{"line":60,"column":5}},"line":55},"4":{"name":"(anonymous_4)","decl":{"start":{"line":57,"column":25},"end":{"line":57,"column":29}},"loc":{"start":{"line":58,"column":6},"end":{"line":58,"column":null}},"line":58},"5":{"name":"deleteTodo","decl":{"start":{"line":63,"column":16},"end":{"line":63,"column":null}},"loc":{"start":{"line":70,"column":8},"end":{"line":78,"column":null}},"line":70},"6":{"name":"(anonymous_6)","decl":{"start":{"line":71,"column":34},"end":{"line":71,"column":39}},"loc":{"start":{"line":71,"column":44},"end":{"line":71,"column":56}},"line":71},"7":{"name":"(anonymous_7)","decl":{"start":{"line":73,"column":2},"end":{"line":73,"column":13}},"loc":{"start":{"line":73,"column":22},"end":{"line":76,"column":5}},"line":73},"8":{"name":"(anonymous_8)","decl":{"start":{"line":75,"column":25},"end":{"line":75,"column":32}},"loc":{"start":{"line":75,"column":40},"end":{"line":75,"column":null}},"line":75},"9":{"name":"editTodo","decl":{"start":{"line":81,"column":16},"end":{"line":81,"column":null}},"loc":{"start":{"line":88,"column":8},"end":{"line":96,"column":null}},"line":88},"10":{"name":"(anonymous_10)","decl":{"start":{"line":89,"column":2},"end":{"line":89,"column":13}},"loc":{"start":{"line":89,"column":22},"end":{"line":94,"column":5}},"line":89},"11":{"name":"(anonymous_11)","decl":{"start":{"line":91,"column":25},"end":{"line":91,"column":29}},"loc":{"start":{"line":92,"column":6},"end":{"line":92,"column":null}},"line":92},"12":{"name":"addColumn","decl":{"start":{"line":99,"column":16},"end":{"line":99,"column":null}},"loc":{"start":{"line":103,"column":8},"end":{"line":110,"column":null}},"line":103},"13":{"name":"(anonymous_13)","decl":{"start":{"line":109,"column":2},"end":{"line":109,"column":13}},"loc":{"start":{"line":109,"column":22},"end":{"line":109,"column":45}},"line":109},"14":{"name":"deleteColumn","decl":{"start":{"line":113,"column":16},"end":{"line":113,"column":null}},"loc":{"start":{"line":119,"column":8},"end":{"line":123,"column":null}},"line":119},"15":{"name":"renameColumn","decl":{"start":{"line":126,"column":16},"end":{"line":126,"column":null}},"loc":{"start":{"line":133,"column":8},"end":{"line":141,"column":null}},"line":133},"16":{"name":"generateAITasks","decl":{"start":{"line":144,"column":16},"end":{"line":144,"column":null}},"loc":{"start":{"line":150,"column":8},"end":{"line":176,"column":null}},"line":150},"17":{"name":"(anonymous_17)","decl":{"start":{"line":161,"column":39},"end":{"line":161,"column":44}},"loc":{"start":{"line":161,"column":61},"end":{"line":169,"column":5}},"line":161},"18":{"name":"(anonymous_18)","decl":{"start":{"line":171,"column":2},"end":{"line":171,"column":13}},"loc":{"start":{"line":171,"column":22},"end":{"line":174,"column":5}},"line":171}},"branchMap":{"0":{"loc":{"start":{"line":30,"column":2},"end":{"line":30,"column":null}},"type":"if","locations":[{"start":{"line":30,"column":2},"end":{"line":30,"column":null}},{"start":{},"end":{}}],"line":30},"1":{"loc":{"start":{"line":37,"column":14},"end":{"line":37,"column":null}},"type":"binary-expr","locations":[{"start":{"line":37,"column":14},"end":{"line":37,"column":26}},{"start":{"line":37,"column":26},"end":{"line":37,"column":null}}],"line":37},"2":{"loc":{"start":{"line":58,"column":6},"end":{"line":58,"column":null}},"type":"cond-expr","locations":[{"start":{"line":58,"column":23},"end":{"line":58,"column":55}},{"start":{"line":58,"column":55},"end":{"line":58,"column":null}}],"line":58},"3":{"loc":{"start":{"line":71,"column":19},"end":{"line":71,"column":null}},"type":"binary-expr","locations":[{"start":{"line":71,"column":19},"end":{"line":71,"column":66}},{"start":{"line":71,"column":66},"end":{"line":71,"column":null}}],"line":71},"4":{"loc":{"start":{"line":92,"column":6},"end":{"line":92,"column":null}},"type":"cond-expr","locations":[{"start":{"line":92,"column":23},"end":{"line":92,"column":52}},{"start":{"line":92,"column":52},"end":{"line":92,"column":null}}],"line":92},"5":{"loc":{"start":{"line":105,"column":2},"end":{"line":105,"column":null}},"type":"if","locations":[{"start":{"line":105,"column":2},"end":{"line":105,"column":null}},{"start":{},"end":{}}],"line":105},"6":{"loc":{"start":{"line":134,"column":2},"end":{"line":134,"column":null}},"type":"if","locations":[{"start":{"line":134,"column":2},"end":{"line":134,"column":null}},{"start":{},"end":{}}],"line":134}},"s":{"0":2,"1":1,"2":1,"3":2,"4":1,"5":2,"6":2,"7":1,"8":1,"9":1,"10":1,"11":1,"12":1,"13":1,"14":1,"15":1,"16":1,"17":1,"18":1,"19":1,"20":2,"21":2,"22":1,"23":1,"24":1,"25":1,"26":1,"27":1,"28":1,"29":1,"30":1,"31":2,"32":1,"33":1,"34":1,"35":1,"36":1,"37":1,"38":1,"39":1,"40":6,"41":1,"42":1,"43":1},"f":{"0":2,"1":1,"2":1,"3":1,"4":1,"5":1,"6":1,"7":1,"8":1,"9":1,"10":1,"11":1,"12":2,"13":1,"14":1,"15":2,"16":1,"17":6,"18":1},"b":{"0":[1,1],"1":[1,0],"2":[1,0],"3":[1,0],"4":[1,0],"5":[1,1],"6":[1,1]},"meta":{"lastBranch":7,"lastFunction":19,"lastStatement":44,"seen":{"f:19:16:19:24":0,"b:30:2:30:Infinity:undefined:undefined:undefined:undefined":0,"s:30:2:30:Infinity":0,"s:30:21:30:Infinity":1,"s:32:30:39:Infinity":2,"b:37:14:37:26:37:26:37:Infinity":1,"s:41:2:44:Infinity":3,"f:41:2:41:13":1,"s:41:22:44:5":4,"s:46:2:46:Infinity":5,"s:47:2:47:Infinity":6,"f:50:16:50:Infinity":2,"s:55:2:60:Infinity":7,"f:55:2:55:13":3,"s:55:22:60:5":8,"f:57:25:57:29":4,"s:58:6:58:Infinity":9,"b:58:23:58:55:58:55:58:Infinity":2,"f:63:16:63:Infinity":5,"s:71:19:71:Infinity":10,"b:71:19:71:66:71:66:71:Infinity":3,"f:71:34:71:39":6,"s:71:44:71:56":11,"s:73:2:76:Infinity":12,"f:73:2:73:13":7,"s:73:22:76:5":13,"f:75:25:75:32":8,"s:75:40:75:Infinity":14,"s:78:2:78:Infinity":15,"f:81:16:81:Infinity":9,"s:89:2:94:Infinity":16,"f:89:2:89:13":10,"s:89:22:94:5":17,"f:91:25:91:29":11,"s:92:6:92:Infinity":18,"b:92:23:92:52:92:52:92:Infinity":4,"s:96:2:96:Infinity":19,"f:99:16:99:Infinity":12,"s:104:15:104:36":20,"b:105:2:105:Infinity:undefined:undefined:undefined:undefined":5,"s:105:2:105:Infinity":21,"s:105:13:105:Infinity":22,"s:107:13:107:52":23,"s:109:2:109:Infinity":24,"f:109:2:109:13":13,"s:109:22:109:45":25,"s:110:2:110:Infinity":26,"f:113:16:113:Infinity":14,"s:120:15:120:29":27,"s:121:2:121:Infinity":28,"s:122:2:122:Infinity":29,"s:123:2:123:Infinity":30,"f:126:16:126:Infinity":15,"b:134:2:134:Infinity:undefined:undefined:undefined:undefined":6,"s:134:2:134:Infinity":31,"s:134:22:134:Infinity":32,"s:136:15:136:29":33,"s:137:2:137:Infinity":34,"s:138:2:138:Infinity":35,"s:140:2:140:Infinity":36,"s:141:2:141:Infinity":37,"f:144:16:144:Infinity":16,"s:152:17:159:Infinity":38,"s:161:32:169:5":39,"f:161:39:161:44":17,"s:161:61:169:5":40,"s:171:2:174:Infinity":41,"f:171:2:171:13":18,"s:171:22:174:5":42,"s:176:2:176:Infinity":43}}}
}
